============================= test session starts ==============================
platform linux -- Python 3.12.11, pytest-8.4.1, pluggy-1.6.0 -- /home/jules/.pyenv/versions/3.12.11/bin/python
cachedir: .pytest_cache
rootdir: /app
configfile: pytest.ini
plugins: mock-3.14.1, anyio-4.9.0, timeout-2.4.0
timeout: 120.0s
timeout method: signal
timeout func_only: False
collecting ... collected 9 items

tests/edge_cases/test_folder_healing_edge_cases.py::TestFolderHealingEdgeCases::test_circular_dependencies FAILED [ 11%]
tests/edge_cases/test_folder_healing_edge_cases.py::TestFolderHealingEdgeCases::test_corrupted_file FAILED [ 22%]
tests/edge_cases/test_folder_healing_edge_cases.py::TestFolderHealingEdgeCases::test_empty_folder FAILED [ 33%]
tests/edge_cases/test_folder_healing_edge_cases.py::TestFolderHealingEdgeCases::test_many_small_files FAILED [ 44%]
tests/edge_cases/test_folder_healing_edge_cases.py::TestFolderHealingEdgeCases::test_mixed_languages FAILED [ 55%]
tests/edge_cases/test_folder_healing_edge_cases.py::TestFolderHealingEdgeCases::test_unusual_encoding FAILED [ 66%]
tests/edge_cases/test_folder_healing_edge_cases.py::TestFolderHealingEdgeCases::test_unusual_file_extensions